<?xml version="1.0" encoding="UTF-8"?>
<coverage generated="1513540115">
  <project timestamp="1513540115">
    <package name="Amp\Socket">
      <file name="/home/brouznouf/Workspace/socket/lib/BasicSocketPool.php">
        <class name="BasicSocketPool" namespace="Amp\Socket">
          <metrics complexity="17" methods="4" coveredmethods="0" conditionals="0" coveredconditionals="0" statements="51" coveredstatements="0" elements="55" coveredelements="0"/>
        </class>
        <class name="{" namespace="Amp\Socket">
          <metrics complexity="0" methods="0" coveredmethods="0" conditionals="0" coveredconditionals="0" statements="0" coveredstatements="0" elements="0" coveredelements="0"/>
        </class>
        <line num="23" type="method" name="__construct" visibility="public" complexity="1" crap="2" count="0"/>
        <line num="24" type="stmt" count="0"/>
        <line num="25" type="stmt" count="0"/>
        <line num="26" type="stmt" count="0"/>
        <line num="28" type="method" name="normalizeUri" visibility="private" complexity="2" crap="6" count="0"/>
        <line num="29" type="stmt" count="0"/>
        <line num="30" type="stmt" count="0"/>
        <line num="31" type="stmt" count="0"/>
        <line num="33" type="stmt" count="0"/>
        <line num="34" type="stmt" count="0"/>
        <line num="37" type="method" name="checkout" visibility="public" complexity="10" crap="110" count="0"/>
        <line num="40" type="stmt" count="0"/>
        <line num="41" type="stmt" count="0"/>
        <line num="42" type="stmt" count="0"/>
        <line num="43" type="stmt" count="0"/>
        <line num="44" type="stmt" count="0"/>
        <line num="45" type="stmt" count="0"/>
        <line num="46" type="stmt" count="0"/>
        <line num="48" type="stmt" count="0"/>
        <line num="50" type="stmt" count="0"/>
        <line num="51" type="stmt" count="0"/>
        <line num="52" type="stmt" count="0"/>
        <line num="54" type="stmt" count="0"/>
        <line num="55" type="stmt" count="0"/>
        <line num="56" type="stmt" count="0"/>
        <line num="57" type="stmt" count="0"/>
        <line num="58" type="stmt" count="0"/>
        <line num="59" type="stmt" count="0"/>
        <line num="60" type="stmt" count="0"/>
        <line num="62" type="stmt" count="0"/>
        <line num="64" type="stmt" count="0"/>
        <line num="65" type="stmt" count="0"/>
        <line num="66" type="stmt" count="0"/>
        <line num="68" type="stmt" count="0"/>
        <line num="69" type="stmt" count="0"/>
        <line num="71" type="stmt" count="0"/>
        <line num="72" type="stmt" count="0"/>
        <line num="75" type="method" name="anonymous function" complexity="2" crap="6" count="0"/>
        <line num="76" type="stmt" count="0"/>
        <line num="78" type="stmt" count="0"/>
        <line num="80" type="stmt" count="0"/>
        <line num="81" type="stmt" count="0"/>
        <line num="82" type="stmt" count="0"/>
        <line num="83" type="stmt" count="0"/>
        <line num="84" type="stmt" count="0"/>
        <line num="85" type="stmt" count="0"/>
        <line num="87" type="stmt" count="0"/>
        <line num="99" type="stmt" count="0"/>
        <line num="100" type="stmt" count="0"/>
        <line num="101" type="stmt" count="0"/>
        <line num="102" type="stmt" count="0"/>
        <line num="104" type="stmt" count="0"/>
        <line num="105" type="stmt" count="0"/>
        <line num="107" type="stmt" count="0"/>
        <line num="108" type="stmt" count="0"/>
        <line num="109" type="stmt" count="0"/>
        <metrics loc="168" ncloc="160" classes="1" methods="4" coveredmethods="0" conditionals="0" coveredconditionals="0" statements="52" coveredstatements="0" elements="56" coveredelements="0"/>
      </file>
      <file name="/home/brouznouf/Workspace/socket/lib/Certificate.php">
        <class name="Certificate" namespace="Amp\Socket">
          <metrics complexity="3" methods="3" coveredmethods="3" conditionals="0" coveredconditionals="0" statements="4" coveredstatements="4" elements="7" coveredelements="7"/>
        </class>
        <line num="17" type="method" name="__construct" visibility="public" complexity="1" crap="1" count="5"/>
        <line num="18" type="stmt" count="5"/>
        <line num="19" type="stmt" count="5"/>
        <line num="25" type="method" name="getCertFile" visibility="public" complexity="1" crap="1" count="4"/>
        <line num="26" type="stmt" count="4"/>
        <line num="32" type="method" name="getKeyFile" visibility="public" complexity="1" crap="1" count="4"/>
        <line num="33" type="stmt" count="4"/>
        <metrics loc="35" ncloc="21" classes="1" methods="3" coveredmethods="3" conditionals="0" coveredconditionals="0" statements="4" coveredstatements="4" elements="7" coveredelements="7"/>
      </file>
      <file name="/home/brouznouf/Workspace/socket/lib/ClientConnectContext.php">
        <class name="ClientConnectContext" namespace="Amp\Socket">
          <metrics complexity="15" methods="9" coveredmethods="9" conditionals="0" coveredconditionals="0" statements="27" coveredstatements="27" elements="36" coveredelements="36"/>
        </class>
        <line num="14" type="method" name="withBindTo" visibility="public" complexity="1" crap="1" count="3"/>
        <line num="15" type="stmt" count="3"/>
        <line num="17" type="stmt" count="3"/>
        <line num="18" type="stmt" count="3"/>
        <line num="20" type="stmt" count="3"/>
        <line num="23" type="method" name="getBindTo" visibility="public" complexity="1" crap="1" count="2"/>
        <line num="24" type="stmt" count="2"/>
        <line num="27" type="method" name="withConnectTimeout" visibility="public" complexity="2" crap="2" count="5"/>
        <line num="28" type="stmt" count="5"/>
        <line num="29" type="stmt" count="3"/>
        <line num="32" type="stmt" count="2"/>
        <line num="33" type="stmt" count="2"/>
        <line num="35" type="stmt" count="2"/>
        <line num="38" type="method" name="getConnectTimeout" visibility="public" complexity="1" crap="1" count="13"/>
        <line num="39" type="stmt" count="13"/>
        <line num="42" type="method" name="withMaxAttempts" visibility="public" complexity="2" crap="2" count="5"/>
        <line num="43" type="stmt" count="5"/>
        <line num="44" type="stmt" count="3"/>
        <line num="47" type="stmt" count="2"/>
        <line num="48" type="stmt" count="2"/>
        <line num="50" type="stmt" count="2"/>
        <line num="53" type="method" name="getMaxAttempts" visibility="public" complexity="1" crap="1" count="2"/>
        <line num="54" type="stmt" count="2"/>
        <line num="57" type="method" name="withDnsTypeRestriction" visibility="public" complexity="4" crap="4" count="5"/>
        <line num="58" type="stmt" count="5"/>
        <line num="59" type="stmt" count="2"/>
        <line num="62" type="stmt" count="3"/>
        <line num="63" type="stmt" count="3"/>
        <line num="65" type="stmt" count="3"/>
        <line num="68" type="method" name="getDnsTypeRestriction" visibility="public" complexity="1" crap="1" count="9"/>
        <line num="69" type="stmt" count="9"/>
        <line num="72" type="method" name="toStreamContextArray" visibility="public" complexity="2" crap="2" count="12"/>
        <line num="73" type="stmt" count="12"/>
        <line num="75" type="stmt" count="12"/>
        <line num="76" type="stmt" count="1"/>
        <line num="79" type="stmt" count="12"/>
        <metrics loc="81" ncloc="81" classes="1" methods="9" coveredmethods="9" conditionals="0" coveredconditionals="0" statements="27" coveredstatements="27" elements="36" coveredelements="36"/>
      </file>
      <file name="/home/brouznouf/Workspace/socket/lib/ClientSocket.php">
        <class name="ClientSocket" namespace="Amp\Socket">
          <metrics complexity="2" methods="1" coveredmethods="0" conditionals="0" coveredconditionals="0" statements="4" coveredstatements="3" elements="5" coveredelements="3"/>
        </class>
        <line num="15" type="method" name="enableCrypto" visibility="public" complexity="2" crap="2.06" count="8"/>
        <line num="16" type="stmt" count="8"/>
        <line num="17" type="stmt" count="0"/>
        <line num="20" type="stmt" count="8"/>
        <line num="22" type="stmt" count="8"/>
        <metrics loc="24" ncloc="19" classes="1" methods="1" coveredmethods="0" conditionals="0" coveredconditionals="0" statements="4" coveredstatements="3" elements="5" coveredelements="3"/>
      </file>
      <file name="/home/brouznouf/Workspace/socket/lib/ClientTlsContext.php">
        <class name="ClientTlsContext" namespace="Amp\Socket">
          <metrics complexity="36" methods="25" coveredmethods="23" conditionals="0" coveredconditionals="0" statements="76" coveredstatements="74" elements="101" coveredelements="97"/>
        </class>
        <line num="31" type="method" name="withMinimumVersion" visibility="public" complexity="4" crap="4" count="4"/>
        <line num="32" type="stmt" count="4"/>
        <line num="33" type="stmt" count="1"/>
        <line num="36" type="stmt" count="3"/>
        <line num="37" type="stmt" count="3"/>
        <line num="39" type="stmt" count="3"/>
        <line num="47" type="method" name="getMinimumVersion" visibility="public" complexity="1" crap="1" count="3"/>
        <line num="48" type="stmt" count="3"/>
        <line num="58" type="method" name="withPeerName" visibility="public" complexity="1" crap="1" count="10"/>
        <line num="59" type="stmt" count="10"/>
        <line num="60" type="stmt" count="10"/>
        <line num="62" type="stmt" count="10"/>
        <line num="68" type="method" name="getPeerName" visibility="public" complexity="1" crap="1" count="11"/>
        <line num="69" type="stmt" count="11"/>
        <line num="77" type="method" name="withPeerVerification" visibility="public" complexity="1" crap="1" count="1"/>
        <line num="78" type="stmt" count="1"/>
        <line num="79" type="stmt" count="1"/>
        <line num="81" type="stmt" count="1"/>
        <line num="89" type="method" name="withoutPeerVerification" visibility="public" complexity="1" crap="1" count="1"/>
        <line num="90" type="stmt" count="1"/>
        <line num="91" type="stmt" count="1"/>
        <line num="93" type="stmt" count="1"/>
        <line num="99" type="method" name="hasPeerVerification" visibility="public" complexity="1" crap="1" count="3"/>
        <line num="100" type="stmt" count="3"/>
        <line num="110" type="method" name="withVerificationDepth" visibility="public" complexity="2" crap="2" count="4"/>
        <line num="111" type="stmt" count="4"/>
        <line num="112" type="stmt" count="2"/>
        <line num="115" type="stmt" count="2"/>
        <line num="116" type="stmt" count="2"/>
        <line num="118" type="stmt" count="2"/>
        <line num="124" type="method" name="getVerificationDepth" visibility="public" complexity="1" crap="1" count="3"/>
        <line num="125" type="stmt" count="3"/>
        <line num="135" type="method" name="withCiphers" visibility="public" complexity="1" crap="1" count="2"/>
        <line num="136" type="stmt" count="2"/>
        <line num="137" type="stmt" count="2"/>
        <line num="139" type="stmt" count="2"/>
        <line num="145" type="method" name="getCiphers" visibility="public" complexity="1" crap="1" count="3"/>
        <line num="146" type="stmt" count="3"/>
        <line num="156" type="method" name="withCaFile" visibility="public" complexity="1" crap="1" count="6"/>
        <line num="157" type="stmt" count="6"/>
        <line num="158" type="stmt" count="6"/>
        <line num="160" type="stmt" count="6"/>
        <line num="166" type="method" name="getCaFile" visibility="public" complexity="1" crap="1" count="2"/>
        <line num="167" type="stmt" count="2"/>
        <line num="177" type="method" name="withCaPath" visibility="public" complexity="1" crap="1" count="3"/>
        <line num="178" type="stmt" count="3"/>
        <line num="179" type="stmt" count="3"/>
        <line num="181" type="stmt" count="3"/>
        <line num="187" type="method" name="getCaPath" visibility="public" complexity="1" crap="1" count="3"/>
        <line num="188" type="stmt" count="3"/>
        <line num="198" type="method" name="withPeerCapturing" visibility="public" complexity="1" crap="1" count="1"/>
        <line num="199" type="stmt" count="1"/>
        <line num="200" type="stmt" count="1"/>
        <line num="202" type="stmt" count="1"/>
        <line num="210" type="method" name="withoutPeerCapturing" visibility="public" complexity="1" crap="1" count="1"/>
        <line num="211" type="stmt" count="1"/>
        <line num="212" type="stmt" count="1"/>
        <line num="214" type="stmt" count="1"/>
        <line num="220" type="method" name="hasPeerCapturing" visibility="public" complexity="1" crap="1" count="3"/>
        <line num="221" type="stmt" count="3"/>
        <line num="229" type="method" name="withSni" visibility="public" complexity="1" crap="1" count="1"/>
        <line num="230" type="stmt" count="1"/>
        <line num="231" type="stmt" count="1"/>
        <line num="233" type="stmt" count="1"/>
        <line num="241" type="method" name="withoutSni" visibility="public" complexity="1" crap="1" count="1"/>
        <line num="242" type="stmt" count="1"/>
        <line num="243" type="stmt" count="1"/>
        <line num="245" type="stmt" count="1"/>
        <line num="251" type="method" name="hasSni" visibility="public" complexity="1" crap="1" count="3"/>
        <line num="252" type="stmt" count="3"/>
        <line num="264" type="method" name="withSecurityLevel" visibility="public" complexity="4" crap="4.05" count="8"/>
        <line num="270" type="stmt" count="8"/>
        <line num="271" type="stmt" count="2"/>
        <line num="274" type="stmt" count="6"/>
        <line num="275" type="stmt" count="0"/>
        <line num="278" type="stmt" count="6"/>
        <line num="279" type="stmt" count="6"/>
        <line num="281" type="stmt" count="6"/>
        <line num="287" type="method" name="getSecurityLevel" visibility="public" complexity="2" crap="2.15" count="7"/>
        <line num="289" type="stmt" count="7"/>
        <line num="290" type="stmt" count="0"/>
        <line num="293" type="stmt" count="7"/>
        <line num="301" type="method" name="toStreamContextArray" visibility="public" complexity="4" crap="4" count="9"/>
        <line num="303" type="stmt" count="9"/>
        <line num="304" type="stmt" count="9"/>
        <line num="305" type="stmt" count="9"/>
        <line num="306" type="stmt" count="9"/>
        <line num="307" type="stmt" count="9"/>
        <line num="308" type="stmt" count="9"/>
        <line num="309" type="stmt" count="9"/>
        <line num="310" type="stmt" count="9"/>
        <line num="311" type="stmt" count="9"/>
        <line num="314" type="stmt" count="9"/>
        <line num="315" type="stmt" count="4"/>
        <line num="318" type="stmt" count="9"/>
        <line num="319" type="stmt" count="1"/>
        <line num="322" type="stmt" count="9"/>
        <line num="323" type="stmt" count="9"/>
        <line num="326" type="stmt" count="9"/>
        <line num="332" type="method" name="toStreamCryptoMethod" visibility="public" complexity="1" crap="1" count="9"/>
        <line num="334" type="stmt" count="9"/>
        <metrics loc="336" ncloc="198" classes="1" methods="25" coveredmethods="23" conditionals="0" coveredconditionals="0" statements="76" coveredstatements="74" elements="101" coveredelements="97"/>
      </file>
      <file name="/home/brouznouf/Workspace/socket/lib/ConnectException.php">
        <class name="ConnectException" namespace="Amp\Socket">
          <metrics complexity="0" methods="0" coveredmethods="0" conditionals="0" coveredconditionals="0" statements="0" coveredstatements="0" elements="0" coveredelements="0"/>
        </class>
        <metrics loc="6" ncloc="6" classes="0" methods="0" coveredmethods="0" conditionals="0" coveredconditionals="0" statements="0" coveredstatements="0" elements="0" coveredelements="0"/>
      </file>
      <file name="/home/brouznouf/Workspace/socket/lib/CryptoException.php">
        <class name="CryptoException" namespace="Amp\Socket">
          <metrics complexity="0" methods="0" coveredmethods="0" conditionals="0" coveredconditionals="0" statements="0" coveredstatements="0" elements="0" coveredelements="0"/>
        </class>
        <metrics loc="6" ncloc="6" classes="0" methods="0" coveredmethods="0" conditionals="0" coveredconditionals="0" statements="0" coveredstatements="0" elements="0" coveredelements="0"/>
      </file>
      <file name="/home/brouznouf/Workspace/socket/lib/PendingAcceptError.php">
        <class name="PendingAcceptError" namespace="Amp\Socket">
          <metrics complexity="1" methods="1" coveredmethods="1" conditionals="0" coveredconditionals="0" statements="1" coveredstatements="1" elements="2" coveredelements="2"/>
        </class>
        <line num="9" type="method" name="__construct" visibility="public" complexity="1" crap="1" count="2"/>
        <line num="14" type="stmt" count="2"/>
        <metrics loc="16" ncloc="13" classes="1" methods="1" coveredmethods="1" conditionals="0" coveredconditionals="0" statements="1" coveredstatements="1" elements="2" coveredelements="2"/>
      </file>
      <file name="/home/brouznouf/Workspace/socket/lib/Server.php">
        <class name="Server" namespace="Amp\Socket">
          <metrics complexity="19" methods="7" coveredmethods="3" conditionals="0" coveredconditionals="0" statements="36" coveredstatements="29" elements="43" coveredelements="32"/>
        </class>
        <line num="32" type="method" name="__construct" visibility="public" complexity="5" crap="5.07" count="5"/>
        <line num="33" type="stmt" count="5"/>
        <line num="34" type="stmt" count="0"/>
        <line num="37" type="stmt" count="5"/>
        <line num="38" type="stmt" count="5"/>
        <line num="39" type="stmt" count="5"/>
        <line num="41" type="stmt" count="5"/>
        <line num="43" type="stmt" count="5"/>
        <line num="44" type="method" name="anonymous function" complexity="3" crap="3.14" count="5"/>
        <line num="46" type="stmt" count="5"/>
        <line num="47" type="stmt" count="0"/>
        <line num="50" type="stmt" count="5"/>
        <line num="51" type="stmt" count="5"/>
        <line num="52" type="stmt" count="5"/>
        <line num="54" type="stmt" count="5"/>
        <line num="55" type="stmt" count="0"/>
        <line num="57" type="stmt" count="5"/>
        <line num="59" type="stmt" count="5"/>
        <line num="65" type="method" name="__destruct" visibility="public" complexity="2" crap="2.15" count="5"/>
        <line num="66" type="stmt" count="5"/>
        <line num="67" type="stmt" count="5"/>
        <line num="70" type="stmt" count="0"/>
        <line num="78" type="method" name="accept" visibility="public" complexity="4" crap="4.59" count="5"/>
        <line num="79" type="stmt" count="5"/>
        <line num="80" type="stmt" count="0"/>
        <line num="83" type="stmt" count="5"/>
        <line num="84" type="stmt" count="0"/>
        <line num="88" type="stmt" count="5"/>
        <line num="89" type="stmt" count="0"/>
        <line num="92" type="stmt" count="5"/>
        <line num="93" type="stmt" count="5"/>
        <line num="95" type="stmt" count="5"/>
        <line num="101" type="method" name="close" visibility="public" complexity="2" crap="2" count="5"/>
        <line num="102" type="stmt" count="5"/>
        <line num="103" type="stmt" count="5"/>
        <line num="106" type="stmt" count="5"/>
        <line num="112" type="method" name="getAddress" visibility="public" complexity="1" crap="1" count="5"/>
        <line num="113" type="stmt" count="5"/>
        <line num="116" type="method" name="free" visibility="private" complexity="2" crap="2" count="5"/>
        <line num="117" type="stmt" count="5"/>
        <line num="119" type="stmt" count="5"/>
        <line num="121" type="stmt" count="5"/>
        <line num="122" type="stmt" count="5"/>
        <line num="123" type="stmt" count="5"/>
        <metrics loc="126" ncloc="89" classes="1" methods="7" coveredmethods="3" conditionals="0" coveredconditionals="0" statements="37" coveredstatements="30" elements="44" coveredelements="33"/>
      </file>
      <file name="/home/brouznouf/Workspace/socket/lib/ServerListenContext.php">
        <class name="ServerListenContext" namespace="Amp\Socket">
          <metrics complexity="11" methods="11" coveredmethods="11" conditionals="0" coveredconditionals="0" statements="28" coveredstatements="28" elements="39" coveredelements="39"/>
        </class>
        <line num="13" type="method" name="withBindTo" visibility="public" complexity="1" crap="1" count="2"/>
        <line num="14" type="stmt" count="2"/>
        <line num="16" type="stmt" count="2"/>
        <line num="17" type="stmt" count="2"/>
        <line num="19" type="stmt" count="2"/>
        <line num="22" type="method" name="getBindTo" visibility="public" complexity="1" crap="1" count="2"/>
        <line num="23" type="stmt" count="2"/>
        <line num="26" type="method" name="getBacklog" visibility="public" complexity="1" crap="1" count="2"/>
        <line num="27" type="stmt" count="2"/>
        <line num="30" type="method" name="withBacklog" visibility="public" complexity="1" crap="1" count="2"/>
        <line num="31" type="stmt" count="2"/>
        <line num="32" type="stmt" count="2"/>
        <line num="34" type="stmt" count="2"/>
        <line num="37" type="method" name="hasReusePort" visibility="public" complexity="1" crap="1" count="2"/>
        <line num="38" type="stmt" count="2"/>
        <line num="41" type="method" name="withReusePort" visibility="public" complexity="1" crap="1" count="1"/>
        <line num="42" type="stmt" count="1"/>
        <line num="43" type="stmt" count="1"/>
        <line num="45" type="stmt" count="1"/>
        <line num="48" type="method" name="withoutReusePort" visibility="public" complexity="1" crap="1" count="1"/>
        <line num="49" type="stmt" count="1"/>
        <line num="50" type="stmt" count="1"/>
        <line num="52" type="stmt" count="1"/>
        <line num="55" type="method" name="hasBroadcast" visibility="public" complexity="1" crap="1" count="2"/>
        <line num="56" type="stmt" count="2"/>
        <line num="59" type="method" name="withBroadcast" visibility="public" complexity="1" crap="1" count="1"/>
        <line num="60" type="stmt" count="1"/>
        <line num="61" type="stmt" count="1"/>
        <line num="63" type="stmt" count="1"/>
        <line num="66" type="method" name="withoutBroadcast" visibility="public" complexity="1" crap="1" count="1"/>
        <line num="67" type="stmt" count="1"/>
        <line num="68" type="stmt" count="1"/>
        <line num="70" type="stmt" count="1"/>
        <line num="73" type="method" name="toStreamContextArray" visibility="public" complexity="1" crap="1" count="6"/>
        <line num="74" type="stmt" count="6"/>
        <line num="75" type="stmt" count="6"/>
        <line num="76" type="stmt" count="6"/>
        <line num="78" type="stmt" count="6"/>
        <line num="79" type="stmt" count="6"/>
        <metrics loc="82" ncloc="82" classes="1" methods="11" coveredmethods="11" conditionals="0" coveredconditionals="0" statements="28" coveredstatements="28" elements="39" coveredelements="39"/>
      </file>
      <file name="/home/brouznouf/Workspace/socket/lib/ServerSocket.php">
        <class name="ServerSocket" namespace="Amp\Socket">
          <metrics complexity="2" methods="1" coveredmethods="0" conditionals="0" coveredconditionals="0" statements="3" coveredstatements="2" elements="4" coveredelements="2"/>
        </class>
        <line num="11" type="method" name="enableCrypto" visibility="public" complexity="2" crap="2.15" count="4"/>
        <line num="12" type="stmt" count="4"/>
        <line num="13" type="stmt" count="0"/>
        <line num="16" type="stmt" count="4"/>
        <metrics loc="18" ncloc="17" classes="1" methods="1" coveredmethods="0" conditionals="0" coveredconditionals="0" statements="3" coveredstatements="2" elements="4" coveredelements="2"/>
      </file>
      <file name="/home/brouznouf/Workspace/socket/lib/ServerTlsContext.php">
        <class name="ServerTlsContext" namespace="Amp\Socket">
          <metrics complexity="48" methods="27" coveredmethods="22" conditionals="0" coveredconditionals="0" statements="87" coveredstatements="82" elements="114" coveredelements="104"/>
        </class>
        <line num="53" type="method" name="withMinimumVersion" visibility="public" complexity="4" crap="4" count="4"/>
        <line num="54" type="stmt" count="4"/>
        <line num="55" type="stmt" count="1"/>
        <line num="58" type="stmt" count="3"/>
        <line num="59" type="stmt" count="3"/>
        <line num="61" type="stmt" count="3"/>
        <line num="69" type="method" name="getMinimumVersion" visibility="public" complexity="1" crap="1" count="3"/>
        <line num="70" type="stmt" count="3"/>
        <line num="80" type="method" name="withPeerName" visibility="public" complexity="1" crap="1" count="2"/>
        <line num="81" type="stmt" count="2"/>
        <line num="82" type="stmt" count="2"/>
        <line num="84" type="stmt" count="2"/>
        <line num="90" type="method" name="getPeerName" visibility="public" complexity="1" crap="1" count="2"/>
        <line num="91" type="stmt" count="2"/>
        <line num="99" type="method" name="withPeerVerification" visibility="public" complexity="1" crap="1" count="1"/>
        <line num="100" type="stmt" count="1"/>
        <line num="101" type="stmt" count="1"/>
        <line num="103" type="stmt" count="1"/>
        <line num="111" type="method" name="withoutPeerVerification" visibility="public" complexity="1" crap="1" count="1"/>
        <line num="112" type="stmt" count="1"/>
        <line num="113" type="stmt" count="1"/>
        <line num="115" type="stmt" count="1"/>
        <line num="121" type="method" name="hasPeerVerification" visibility="public" complexity="1" crap="1" count="2"/>
        <line num="122" type="stmt" count="2"/>
        <line num="132" type="method" name="withVerificationDepth" visibility="public" complexity="2" crap="2" count="4"/>
        <line num="133" type="stmt" count="4"/>
        <line num="134" type="stmt" count="2"/>
        <line num="137" type="stmt" count="2"/>
        <line num="138" type="stmt" count="2"/>
        <line num="140" type="stmt" count="2"/>
        <line num="146" type="method" name="getVerificationDepth" visibility="public" complexity="1" crap="1" count="2"/>
        <line num="147" type="stmt" count="2"/>
        <line num="157" type="method" name="withCiphers" visibility="public" complexity="1" crap="1" count="2"/>
        <line num="158" type="stmt" count="2"/>
        <line num="159" type="stmt" count="2"/>
        <line num="161" type="stmt" count="2"/>
        <line num="167" type="method" name="getCiphers" visibility="public" complexity="1" crap="1" count="2"/>
        <line num="168" type="stmt" count="2"/>
        <line num="178" type="method" name="withCaFile" visibility="public" complexity="1" crap="1" count="2"/>
        <line num="179" type="stmt" count="2"/>
        <line num="180" type="stmt" count="2"/>
        <line num="182" type="stmt" count="2"/>
        <line num="188" type="method" name="getCaFile" visibility="public" complexity="1" crap="1" count="2"/>
        <line num="189" type="stmt" count="2"/>
        <line num="199" type="method" name="withCaPath" visibility="public" complexity="1" crap="1" count="2"/>
        <line num="200" type="stmt" count="2"/>
        <line num="201" type="stmt" count="2"/>
        <line num="203" type="stmt" count="2"/>
        <line num="209" type="method" name="getCaPath" visibility="public" complexity="1" crap="1" count="2"/>
        <line num="210" type="stmt" count="2"/>
        <line num="220" type="method" name="withPeerCapturing" visibility="public" complexity="1" crap="1" count="1"/>
        <line num="221" type="stmt" count="1"/>
        <line num="222" type="stmt" count="1"/>
        <line num="224" type="stmt" count="1"/>
        <line num="232" type="method" name="withoutPeerCapturing" visibility="public" complexity="1" crap="1" count="1"/>
        <line num="233" type="stmt" count="1"/>
        <line num="234" type="stmt" count="1"/>
        <line num="236" type="stmt" count="1"/>
        <line num="242" type="method" name="hasPeerCapturing" visibility="public" complexity="1" crap="1" count="2"/>
        <line num="243" type="stmt" count="2"/>
        <line num="253" type="method" name="withDefaultCertificate" visibility="public" complexity="1" crap="1" count="3"/>
        <line num="254" type="stmt" count="3"/>
        <line num="255" type="stmt" count="3"/>
        <line num="257" type="stmt" count="3"/>
        <line num="263" type="method" name="getDefaultCertificate" visibility="public" complexity="1" crap="1" count="2"/>
        <line num="264" type="stmt" count="2"/>
        <line num="274" type="method" name="withCertificates" visibility="public" complexity="6" crap="6.03" count="5"/>
        <line num="275" type="stmt" count="5"/>
        <line num="276" type="stmt" count="5"/>
        <line num="277" type="stmt" count="1"/>
        <line num="280" type="stmt" count="4"/>
        <line num="281" type="stmt" count="1"/>
        <line num="284" type="stmt" count="3"/>
        <line num="285" type="stmt" count="0"/>
        <line num="287" type="stmt" count="3"/>
        <line num="292" type="stmt" count="3"/>
        <line num="293" type="stmt" count="3"/>
        <line num="295" type="stmt" count="3"/>
        <line num="301" type="method" name="getCertificates" visibility="public" complexity="1" crap="2" count="0"/>
        <line num="302" type="stmt" count="0"/>
        <line num="314" type="method" name="withSecurityLevel" visibility="public" complexity="4" crap="4.05" count="8"/>
        <line num="320" type="stmt" count="8"/>
        <line num="321" type="stmt" count="2"/>
        <line num="324" type="stmt" count="6"/>
        <line num="325" type="stmt" count="0"/>
        <line num="328" type="stmt" count="6"/>
        <line num="329" type="stmt" count="6"/>
        <line num="331" type="stmt" count="6"/>
        <line num="337" type="method" name="getSecurityLevel" visibility="public" complexity="2" crap="2.15" count="7"/>
        <line num="339" type="stmt" count="7"/>
        <line num="340" type="stmt" count="0"/>
        <line num="343" type="stmt" count="7"/>
        <line num="351" type="method" name="toStreamContextArray" visibility="public" complexity="8" crap="8.03" count="6"/>
        <line num="353" type="stmt" count="6"/>
        <line num="354" type="stmt" count="6"/>
        <line num="355" type="stmt" count="6"/>
        <line num="356" type="stmt" count="6"/>
        <line num="357" type="stmt" count="6"/>
        <line num="358" type="stmt" count="6"/>
        <line num="362" type="stmt" count="6"/>
        <line num="363" type="stmt" count="6"/>
        <line num="366" type="stmt" count="6"/>
        <line num="367" type="stmt" count="1"/>
        <line num="369" type="stmt" count="1"/>
        <line num="370" type="stmt" count="0"/>
        <line num="374" type="stmt" count="6"/>
        <line num="375" type="method" name="anonymous function" complexity="2" crap="2" count="3"/>
        <line num="376" type="stmt" count="3"/>
        <line num="377" type="stmt" count="2"/>
        <line num="381" type="stmt" count="1"/>
        <line num="382" type="stmt" count="1"/>
        <line num="384" type="stmt" count="3"/>
        <line num="387" type="stmt" count="6"/>
        <line num="388" type="stmt" count="0"/>
        <line num="391" type="stmt" count="6"/>
        <line num="392" type="stmt" count="0"/>
        <line num="395" type="stmt" count="6"/>
        <line num="396" type="stmt" count="6"/>
        <line num="399" type="stmt" count="6"/>
        <line num="405" type="method" name="toStreamCryptoMethod" visibility="public" complexity="1" crap="1" count="6"/>
        <line num="406" type="stmt" count="6"/>
        <metrics loc="408" ncloc="254" classes="1" methods="27" coveredmethods="22" conditionals="0" coveredconditionals="0" statements="94" coveredstatements="87" elements="121" coveredelements="109"/>
      </file>
      <file name="/home/brouznouf/Workspace/socket/lib/Socket.php">
        <class name="Socket" namespace="Amp\Socket">
          <metrics complexity="14" methods="12" coveredmethods="4" conditionals="0" coveredconditionals="0" statements="17" coveredstatements="5" elements="29" coveredelements="9"/>
        </class>
        <line num="26" type="method" name="__construct" visibility="public" complexity="1" crap="1" count="12"/>
        <line num="27" type="stmt" count="12"/>
        <line num="28" type="stmt" count="12"/>
        <line num="36" type="method" name="getResource" visibility="public" complexity="1" crap="1" count="8"/>
        <line num="37" type="stmt" count="8"/>
        <line num="52" type="method" name="disableCrypto" visibility="public" complexity="2" crap="6" count="0"/>
        <line num="53" type="stmt" count="0"/>
        <line num="54" type="stmt" count="0"/>
        <line num="57" type="stmt" count="0"/>
        <line num="61" type="method" name="read" visibility="public" complexity="1" crap="1" count="5"/>
        <line num="62" type="stmt" count="5"/>
        <line num="66" type="method" name="write" visibility="public" complexity="1" crap="1" count="4"/>
        <line num="67" type="stmt" count="4"/>
        <line num="71" type="method" name="end" visibility="public" complexity="1" crap="2" count="0"/>
        <line num="72" type="stmt" count="0"/>
        <line num="73" type="method" name="anonymous function" complexity="1" crap="2" count="0"/>
        <line num="74" type="stmt" count="0"/>
        <line num="75" type="stmt" count="0"/>
        <line num="77" type="stmt" count="0"/>
        <line num="85" type="method" name="reference" visibility="public" complexity="1" crap="2" count="0"/>
        <line num="86" type="stmt" count="0"/>
        <line num="94" type="method" name="unreference" visibility="public" complexity="1" crap="2" count="0"/>
        <line num="95" type="stmt" count="0"/>
        <line num="101" type="method" name="close" visibility="public" complexity="1" crap="2" count="0"/>
        <line num="102" type="stmt" count="0"/>
        <line num="103" type="stmt" count="0"/>
        <line num="106" type="method" name="getLocalAddress" visibility="public" complexity="1" crap="2" count="0"/>
        <line num="107" type="stmt" count="0"/>
        <line num="110" type="method" name="getRemoteAddress" visibility="public" complexity="1" crap="2" count="0"/>
        <line num="111" type="stmt" count="0"/>
        <metrics loc="113" ncloc="74" classes="1" methods="12" coveredmethods="4" conditionals="0" coveredconditionals="0" statements="18" coveredstatements="5" elements="30" coveredelements="9"/>
      </file>
      <file name="/home/brouznouf/Workspace/socket/lib/SocketException.php">
        <class name="SocketException" namespace="Amp\Socket">
          <metrics complexity="0" methods="0" coveredmethods="0" conditionals="0" coveredconditionals="0" statements="0" coveredstatements="0" elements="0" coveredelements="0"/>
        </class>
        <metrics loc="8" ncloc="8" classes="0" methods="0" coveredmethods="0" conditionals="0" coveredconditionals="0" statements="0" coveredstatements="0" elements="0" coveredelements="0"/>
      </file>
    </package>
    <file name="/home/brouznouf/Workspace/socket/lib/Internal/functions.php">
      <line num="25" type="stmt" count="20"/>
      <line num="26" type="stmt" count="2"/>
      <line num="27" type="stmt" count="2"/>
      <line num="30" type="stmt" count="18"/>
      <line num="31" type="stmt" count="1"/>
      <line num="32" type="stmt" count="1"/>
      <line num="36" type="stmt" count="17"/>
      <line num="37" type="stmt" count="17"/>
      <line num="38" type="stmt" count="17"/>
      <line num="40" type="stmt" count="17"/>
      <line num="41" type="stmt" count="3"/>
      <line num="42" type="stmt" count="3"/>
      <line num="46" type="stmt" count="14"/>
      <line num="47" type="stmt" count="0"/>
      <line num="48" type="stmt" count="0"/>
      <line num="52" type="stmt" count="14"/>
      <line num="53" type="stmt" count="1"/>
      <line num="56" type="stmt" count="14"/>
      <line num="73" type="stmt" count="8"/>
      <line num="75" type="stmt" count="8"/>
      <line num="76" type="stmt" count="1"/>
      <line num="77" type="stmt" count="1"/>
      <line num="80" type="stmt" count="1"/>
      <line num="81" type="stmt" count="1"/>
      <line num="85" type="stmt" count="0"/>
      <line num="86" type="stmt" count="0"/>
      <line num="87" type="stmt" count="0"/>
      <line num="90" type="stmt" count="8"/>
      <line num="92" type="stmt" count="8"/>
      <line num="94" type="stmt" count="8"/>
      <line num="95" type="stmt" count="8"/>
      <line num="98" type="stmt" count="8"/>
      <line num="99" type="stmt" count="0"/>
      <line num="102" type="stmt" count="8"/>
      <line num="103" type="stmt" count="0"/>
      <line num="104" type="stmt" count="0"/>
      <line num="109" type="stmt" count="8"/>
      <line num="112" type="stmt" count="8"/>
      <line num="115" type="stmt" count="8"/>
      <line num="116" type="stmt" count="8"/>
      <line num="117" type="stmt" count="8"/>
      <line num="118" type="stmt" count="0"/>
      <line num="119" type="stmt" count="0"/>
      <line num="120" type="stmt" count="0"/>
      <line num="122" type="stmt" count="8"/>
      <line num="125" type="stmt" count="8"/>
      <line num="126" type="stmt" count="8"/>
      <line num="127" type="stmt" count="8"/>
      <line num="130" type="stmt" count="8"/>
      <line num="131" type="stmt" count="8"/>
      <line num="145" type="stmt" count="0"/>
      <line num="146" type="stmt" count="0"/>
      <line num="148" type="stmt" count="0"/>
      <line num="161" type="stmt" count="25"/>
      <line num="163" type="stmt" count="3"/>
      <line num="164" type="stmt" count="22"/>
      <line num="165" type="stmt" count="7"/>
      <line num="166" type="stmt" count="7"/>
      <line num="168" type="stmt" count="7"/>
      <line num="169" type="stmt" count="2"/>
      <line num="172" type="stmt" count="5"/>
      <line num="173" type="stmt" count="1"/>
      <line num="176" type="stmt" count="4"/>
      <line num="179" type="stmt" count="15"/>
      <line num="180" type="stmt" count="9"/>
      <line num="181" type="stmt" count="9"/>
      <line num="183" type="stmt" count="9"/>
      <line num="184" type="stmt" count="2"/>
      <line num="187" type="stmt" count="7"/>
      <line num="188" type="stmt" count="1"/>
      <line num="191" type="stmt" count="6"/>
      <line num="194" type="stmt" count="6"/>
      <line num="206" type="stmt" count="5"/>
      <line num="207" type="stmt" count="0"/>
      <line num="210" type="stmt" count="5"/>
      <metrics loc="211" ncloc="146" classes="0" methods="0" coveredmethods="0" conditionals="0" coveredconditionals="0" statements="75" coveredstatements="60" elements="75" coveredelements="60"/>
    </file>
    <file name="/home/brouznouf/Workspace/socket/lib/SocketPool.php">
      <metrics loc="43" ncloc="14" classes="0" methods="0" coveredmethods="0" conditionals="0" coveredconditionals="0" statements="0" coveredstatements="0" elements="0" coveredelements="0"/>
    </file>
    <file name="/home/brouznouf/Workspace/socket/lib/functions.php">
      <line num="29" type="stmt" count="7"/>
      <line num="30" type="stmt" count="7"/>
      <line num="32" type="stmt" count="7"/>
      <line num="34" type="stmt" count="7"/>
      <line num="35" type="stmt" count="6"/>
      <line num="38" type="stmt" count="7"/>
      <line num="39" type="stmt" count="1"/>
      <line num="42" type="stmt" count="6"/>
      <line num="43" type="stmt" count="6"/>
      <line num="44" type="stmt" count="6"/>
      <line num="48" type="stmt" count="6"/>
      <line num="50" type="stmt" count="6"/>
      <line num="51" type="stmt" count="1"/>
      <line num="54" type="stmt" count="5"/>
      <line num="68" type="stmt" count="11"/>
      <line num="69" type="stmt" count="11"/>
      <line num="70" type="stmt" count="11"/>
      <line num="71" type="stmt" count="11"/>
      <line num="72" type="stmt" count="11"/>
      <line num="74" type="stmt" count="11"/>
      <line num="76" type="stmt" count="11"/>
      <line num="77" type="stmt" count="0"/>
      <line num="80" type="stmt" count="11"/>
      <line num="82" type="stmt" count="5"/>
      <line num="85" type="stmt" count="6"/>
      <line num="90" type="stmt" count="5"/>
      <line num="91" type="stmt" count="6"/>
      <line num="93" type="stmt" count="6"/>
      <line num="95" type="stmt" count="6"/>
      <line num="96" type="stmt" count="3"/>
      <line num="98" type="stmt" count="6"/>
      <line num="103" type="stmt" count="11"/>
      <line num="104" type="stmt" count="11"/>
      <line num="106" type="stmt" count="11"/>
      <line num="107" type="stmt" count="11"/>
      <line num="108" type="stmt" count="11"/>
      <line num="112" type="stmt" count="11"/>
      <line num="114" type="stmt" count="11"/>
      <line num="115" type="stmt" count="0"/>
      <line num="116" type="stmt" count="0"/>
      <line num="117" type="stmt" count="0"/>
      <line num="118" type="stmt" count="0"/>
      <line num="119" type="stmt" count="0"/>
      <line num="120" type="stmt" count="0"/>
      <line num="121" type="stmt" count="0"/>
      <line num="124" type="stmt" count="11"/>
      <line num="126" type="stmt" count="11"/>
      <line num="127" type="stmt" count="11"/>
      <line num="130" type="stmt" count="11"/>
      <line num="131" type="stmt" count="0"/>
      <line num="132" type="stmt" count="0"/>
      <line num="133" type="stmt" count="0"/>
      <line num="134" type="stmt" count="0"/>
      <line num="135" type="stmt" count="0"/>
      <line num="136" type="stmt" count="0"/>
      <line num="137" type="stmt" count="0"/>
      <line num="138" type="stmt" count="11"/>
      <line num="139" type="stmt" count="11"/>
      <line num="143" type="stmt" count="11"/>
      <line num="144" type="stmt" count="0"/>
      <line num="145" type="stmt" count="0"/>
      <line num="146" type="stmt" count="0"/>
      <line num="147" type="stmt" count="0"/>
      <line num="148" type="stmt" count="0"/>
      <line num="149" type="stmt" count="11"/>
      <line num="151" type="stmt" count="0"/>
      <line num="155" type="stmt" count="0"/>
      <line num="159" type="stmt" count="0"/>
      <line num="160" type="stmt" count="0"/>
      <line num="162" type="stmt" count="0"/>
      <line num="163" type="stmt" count="0"/>
      <line num="166" type="stmt" count="0"/>
      <line num="168" type="stmt" count="0"/>
      <line num="171" type="stmt" count="11"/>
      <line num="175" type="stmt" count="0"/>
      <line num="176" type="stmt" count="11"/>
      <line num="198" type="stmt" count="8"/>
      <line num="200" type="stmt" count="8"/>
      <line num="201" type="stmt" count="4"/>
      <line num="205" type="stmt" count="8"/>
      <line num="207" type="stmt" count="8"/>
      <line num="209" type="stmt" count="8"/>
      <line num="210" type="stmt" count="0"/>
      <line num="211" type="stmt" count="0"/>
      <line num="214" type="stmt" count="0"/>
      <line num="215" type="stmt" count="0"/>
      <line num="218" type="stmt" count="0"/>
      <line num="220" type="stmt" count="0"/>
      <line num="221" type="stmt" count="0"/>
      <line num="222" type="stmt" count="0"/>
      <line num="225" type="stmt" count="0"/>
      <line num="226" type="stmt" count="0"/>
      <line num="228" type="stmt" count="0"/>
      <line num="232" type="stmt" count="8"/>
      <line num="233" type="stmt" count="0"/>
      <line num="234" type="stmt" count="0"/>
      <line num="235" type="stmt" count="0"/>
      <line num="238" type="stmt" count="8"/>
      <line num="239" type="stmt" count="8"/>
      <line num="250" type="stmt" count="1"/>
      <line num="251" type="stmt" count="0"/>
      <line num="252" type="stmt" count="0"/>
      <line num="253" type="stmt" count="0"/>
      <line num="255" type="stmt" count="0"/>
      <line num="258" type="stmt" count="1"/>
      <metrics loc="259" ncloc="191" classes="0" methods="0" coveredmethods="0" conditionals="0" coveredconditionals="0" statements="105" coveredstatements="58" elements="105" coveredelements="58"/>
    </file>
    <metrics files="17" loc="1940" ncloc="1379" classes="11" methods="101" coveredmethods="76" conditionals="0" coveredconditionals="0" statements="524" coveredstatements="379" elements="625" coveredelements="455"/>
  </project>
</coverage>
